[debug] [2025-12-18T20:52:50.648Z] ----------------------------------------------------------------------
[debug] [2025-12-18T20:52:50.651Z] Command:       C:\nvm4w\nodejs\node.exe C:\Users\Worley\AppData\Roaming\npm\node_modules\firebase-tools\lib\bin\firebase.js emulators:start --only functions
[debug] [2025-12-18T20:52:50.651Z] CLI Version:   15.0.0
[debug] [2025-12-18T20:52:50.652Z] Platform:      win32
[debug] [2025-12-18T20:52:50.652Z] Node Version:  v24.12.0
[debug] [2025-12-18T20:52:50.652Z] Time:          Thu Dec 18 2025 17:52:50 GMT-0300 (Horário Padrão de Brasília)
[debug] [2025-12-18T20:52:50.652Z] ----------------------------------------------------------------------
[debug] 
[debug] [2025-12-18T20:52:51.634Z] > command requires scopes: ["email","openid","https://www.googleapis.com/auth/cloudplatformprojects.readonly","https://www.googleapis.com/auth/firebase","https://www.googleapis.com/auth/cloud-platform"]
[debug] [2025-12-18T20:52:51.635Z] > authorizing via signed-in user (worleymartinsns@gmail.com)
[info] i  emulators: Starting emulators: functions {"metadata":{"emulator":{"name":"hub"},"message":"Starting emulators: functions"}}
[debug] [2025-12-18T20:52:51.640Z] [logging] Logging Emulator only supports listening on one address (127.0.0.1). Not listening on ::1
[debug] [2025-12-18T20:52:51.640Z] assigned listening specs for emulators {"user":{"hub":[{"address":"127.0.0.1","family":"IPv4","port":4400},{"address":"::1","family":"IPv6","port":4400}],"ui":[{"address":"127.0.0.1","family":"IPv4","port":4000},{"address":"::1","family":"IPv6","port":4000}],"logging":[{"address":"127.0.0.1","family":"IPv4","port":4500}]},"metadata":{"message":"assigned listening specs for emulators"}}
[debug] [2025-12-18T20:52:51.643Z] Emulator locator file path: C:\Users\Worley\AppData\Local\Temp\hub-ecmomerce-b375f.json
[debug] [2025-12-18T20:52:51.644Z] [hub] writing locator at C:\Users\Worley\AppData\Local\Temp\hub-ecmomerce-b375f.json
[debug] [2025-12-18T20:52:51.653Z] [functions] Functions Emulator only supports listening on one address (127.0.0.1). Not listening on ::1
[debug] [2025-12-18T20:52:51.653Z] [eventarc] Eventarc Emulator only supports listening on one address (127.0.0.1). Not listening on ::1
[debug] [2025-12-18T20:52:51.654Z] [tasks] Cloud Tasks Emulator only supports listening on one address (127.0.0.1). Not listening on ::1
[debug] [2025-12-18T20:52:51.654Z] late-assigned ports for functions and eventarc emulators {"user":{"hub":[{"address":"127.0.0.1","family":"IPv4","port":4400},{"address":"::1","family":"IPv6","port":4400}],"ui":[{"address":"127.0.0.1","family":"IPv4","port":4000},{"address":"::1","family":"IPv6","port":4000}],"logging":[{"address":"127.0.0.1","family":"IPv4","port":4500}],"functions":[{"address":"127.0.0.1","family":"IPv4","port":5001}],"eventarc":[{"address":"127.0.0.1","family":"IPv4","port":9299}],"tasks":[{"address":"127.0.0.1","family":"IPv4","port":9499}]},"metadata":{"message":"late-assigned ports for functions and eventarc emulators"}}
[warn] !  functions: The following emulators are not running, calls to these services from the Functions emulator will affect production: apphosting, auth, firestore, database, hosting, pubsub, storage, dataconnect {"metadata":{"emulator":{"name":"functions"},"message":"The following emulators are not running, calls to these services from the Functions emulator will affect production: \u001b[1mapphosting, auth, firestore, database, hosting, pubsub, storage, dataconnect\u001b[22m"}}
[debug] [2025-12-18T20:52:51.682Z] defaultcredentials: writing to file C:\Users\Worley\AppData\Roaming\firebase\worleymartinsns_gmail_com_application_default_credentials.json
[debug] [2025-12-18T20:52:51.683Z] Setting GAC to C:\Users\Worley\AppData\Roaming\firebase\worleymartinsns_gmail_com_application_default_credentials.json {"metadata":{"emulator":{"name":"functions"},"message":"Setting GAC to C:\\Users\\Worley\\AppData\\Roaming\\firebase\\worleymartinsns_gmail_com_application_default_credentials.json"}}
[debug] [2025-12-18T20:52:51.684Z] Checked if tokens are valid: true, expires at: 1766094667156
[debug] [2025-12-18T20:52:51.684Z] Checked if tokens are valid: true, expires at: 1766094667156
[debug] [2025-12-18T20:52:51.684Z] >>> [apiv2][query] GET https://firebase.googleapis.com/v1beta1/projects/ecmomerce-b375f/adminSdkConfig [none]
[debug] [2025-12-18T20:52:52.114Z] <<< [apiv2][status] GET https://firebase.googleapis.com/v1beta1/projects/ecmomerce-b375f/adminSdkConfig 200
[debug] [2025-12-18T20:52:52.114Z] <<< [apiv2][body] GET https://firebase.googleapis.com/v1beta1/projects/ecmomerce-b375f/adminSdkConfig {"projectId":"ecmomerce-b375f","storageBucket":"ecmomerce-b375f.firebasestorage.app"}
[info] i  functions: Watching "D:\codebase\api-ecommerce\functions" for Cloud Functions... {"metadata":{"emulator":{"name":"functions"},"message":"Watching \"D:\\codebase\\api-ecommerce\\functions\" for Cloud Functions..."}}
[debug] [2025-12-18T20:52:52.133Z] Validating nodejs source
[debug] [2025-12-18T20:52:52.784Z] > [functions] package.json contents: {
  "name": "api-ecommerce",
  "version": "1.0.0",
  "main": "./lib/index.js",
  "scripts": {
    "lint": "eslint --ext .js,.ts .",
    "build": "tsc",
    "build:watch": "tsc --watch",
    "serve": "npm run build && firebase emulators:start --only functions",
    "shell": "npm run build && firebase functions:shell",
    "start": "firebase emulators:start --only functions",
    "deploy": "firebase deploy --only functions",
    "logs": "firebase functions:log"
  },
  "engines": {
    "node": "24"
  },
  "dependencies": {
    "firebase-admin": "^13.6.0",
    "firebase-functions": "^7.0.0",
    "celebrate": "^15.0.3",
    "dayjs": "^1.11.19",
    "express": "^5.1.0",
    "express-async-handler": "^1.2.0",
    "firebase": "^12.6.0"
  },
  "devDependencies": {
    "@typescript-eslint/eslint-plugin": "^5.12.0",
    "@typescript-eslint/parser": "^5.12.0",
    "eslint": "^8.9.0",
    "eslint-config-google": "^0.14.0",
    "eslint-plugin-import": "^2.25.4",
    "firebase-functions-test": "^3.4.1",
    "typescript": "^5.7.3",
    "@tsconfig/recommended": "^1.0.12",
    "@types/express": "^5.0.5",
    "@types/node": "^24.10.0"
  },
  "private": true
}
[debug] [2025-12-18T20:52:52.785Z] Building nodejs source
[debug] [2025-12-18T20:52:52.785Z] Failed to find version of module node: reached end of search path D:\codebase\api-ecommerce\functions\node_modules
[info] +  functions: Using node@24 from host. 
[info] i  functions: Loaded environment variables from .env. 
[debug] [2025-12-18T20:52:52.787Z] Could not find functions.yaml. Must use http discovery
[debug] [2025-12-18T20:52:52.791Z] Found firebase-functions binary at 'D:\codebase\api-ecommerce\functions\node_modules\.bin\firebase-functions'
[info] Serving at port 8291

[debug] [2025-12-18T20:52:53.549Z] Got response from /__/functions.yaml {"endpoints":{"api":{"platform":"gcfv1","availableMemoryMb":null,"timeoutSeconds":null,"minInstances":null,"maxInstances":null,"ingressSettings":null,"serviceAccountEmail":null,"vpc":null,"httpsTrigger":{},"entryPoint":"api"}},"specVersion":"v1alpha1","requiredAPIs":[],"extensions":{}}
[info] +  functions: Loaded functions definitions from source: api. {"metadata":{"emulator":{"name":"functions"},"message":"Loaded functions definitions from source: api."}}
[info] +  functions[us-central1-api]: http function initialized (http://127.0.0.1:5001/ecmomerce-b375f/us-central1/api). {"metadata":{"emulator":{"name":"functions"},"message":"\u001b[1mhttp\u001b[22m function initialized (http://127.0.0.1:5001/ecmomerce-b375f/us-central1/api)."}}
[debug] [2025-12-18T20:52:57.571Z] Could not find VSCode notification endpoint: FetchError: request to http://localhost:40001/vscode/notify failed, reason: . If you are not running the Firebase Data Connect VSCode extension, this is expected and not an issue.
[info] 
┌─────────────────────────────────────────────────────────────┐
│ ✔  All emulators ready! It is now safe to connect your app. │
│ i  View Emulator UI at http://127.0.0.1:4000/               │
└─────────────────────────────────────────────────────────────┘

┌───────────┬────────────────┬─────────────────────────────────┐
│ Emulator  │ Host:Port      │ View in Emulator UI             │
├───────────┼────────────────┼─────────────────────────────────┤
│ Functions │ 127.0.0.1:5001 │ http://127.0.0.1:4000/functions │
└───────────┴────────────────┴─────────────────────────────────┘
  Emulator Hub host: 127.0.0.1 port: 4400
  Other reserved ports: 4500

Issues? Report them at https://github.com/firebase/firebase-tools/issues and attach the *-debug.log files.
 
[debug] [2025-12-18T20:53:14.881Z] [work-queue] {"queuedWork":["/ecmomerce-b375f/us-central1/api/auth/login-2025-12-18T20:53:14.881Z"],"queueLength":1,"runningWork":[],"workRunningCount":0}
[debug] [2025-12-18T20:53:14.881Z] [work-queue] {"queuedWork":[],"queueLength":0,"runningWork":["/ecmomerce-b375f/us-central1/api/auth/login-2025-12-18T20:53:14.881Z"],"workRunningCount":1}
[debug] [2025-12-18T20:53:14.882Z] Accepted request POST /ecmomerce-b375f/us-central1/api/auth/login --> us-central1-api
[debug] [2025-12-18T20:53:14.883Z] [functions] Runtime ready! Sending request! {"metadata":{"emulator":{"name":"functions"},"message":"[functions] Runtime ready! Sending request!"}}
[debug] [2025-12-18T20:53:14.883Z] [functions] Got req.url=/ecmomerce-b375f/us-central1/api/auth/login, mapping to path=/auth/login {"metadata":{"emulator":{"name":"functions"},"message":"[functions] Got req.url=/ecmomerce-b375f/us-central1/api/auth/login, mapping to path=/auth/login"}}
[info] i  functions: Loaded environment variables from .env. 
[debug] [2025-12-18T20:53:14.891Z] [worker-pool] addWorker(us-central1-api) {"metadata":{"emulator":{"name":"functions"},"message":"[worker-pool] addWorker(us-central1-api)"}}
[debug] [2025-12-18T20:53:14.891Z] [worker-pool] Adding worker with key us-central1-api, total=1 {"metadata":{"emulator":{"name":"functions"},"message":"[worker-pool] Adding worker with key us-central1-api, total=1"}}
[debug] [2025-12-18T20:53:15.688Z] [runtime-status] [5436] Resolved module firebase-admin {"declared":true,"installed":true,"version":"13.6.0","resolution":"D:\\codebase\\api-ecommerce\\functions\\node_modules\\firebase-admin\\lib\\index.js"} {"metadata":{"emulator":{"name":"functions"},"function":{"name":"us-central1-api"},"extension":{},"message":"[runtime-status] [5436] Resolved module firebase-admin {\"declared\":true,\"installed\":true,\"version\":\"13.6.0\",\"resolution\":\"D:\\\\codebase\\\\api-ecommerce\\\\functions\\\\node_modules\\\\firebase-admin\\\\lib\\\\index.js\"}"}}
[debug] [2025-12-18T20:53:15.689Z] [runtime-status] [5436] Resolved module firebase-functions {"declared":true,"installed":true,"version":"7.0.2","resolution":"D:\\codebase\\api-ecommerce\\functions\\node_modules\\firebase-functions\\lib\\v2\\index.js"} {"metadata":{"emulator":{"name":"functions"},"function":{"name":"us-central1-api"},"extension":{},"message":"[runtime-status] [5436] Resolved module firebase-functions {\"declared\":true,\"installed\":true,\"version\":\"7.0.2\",\"resolution\":\"D:\\\\codebase\\\\api-ecommerce\\\\functions\\\\node_modules\\\\firebase-functions\\\\lib\\\\v2\\\\index.js\"}"}}
[debug] [2025-12-18T20:53:15.689Z] [runtime-status] [5436] Outgoing network have been stubbed. [{"name":"http","status":"mocked"},{"name":"http","status":"mocked"},{"name":"https","status":"mocked"},{"name":"https","status":"mocked"},{"name":"net","status":"mocked"}] {"metadata":{"emulator":{"name":"functions"},"function":{"name":"us-central1-api"},"extension":{},"message":"[runtime-status] [5436] Outgoing network have been stubbed. [{\"name\":\"http\",\"status\":\"mocked\"},{\"name\":\"http\",\"status\":\"mocked\"},{\"name\":\"https\",\"status\":\"mocked\"},{\"name\":\"https\",\"status\":\"mocked\"},{\"name\":\"net\",\"status\":\"mocked\"}]"}}
[debug] [2025-12-18T20:53:15.689Z] [runtime-status] [5436] Resolved module firebase-functions {"declared":true,"installed":true,"version":"7.0.2","resolution":"D:\\codebase\\api-ecommerce\\functions\\node_modules\\firebase-functions\\lib\\v2\\index.js"} {"metadata":{"emulator":{"name":"functions"},"function":{"name":"us-central1-api"},"extension":{},"message":"[runtime-status] [5436] Resolved module firebase-functions {\"declared\":true,\"installed\":true,\"version\":\"7.0.2\",\"resolution\":\"D:\\\\codebase\\\\api-ecommerce\\\\functions\\\\node_modules\\\\firebase-functions\\\\lib\\\\v2\\\\index.js\"}"}}
[debug] [2025-12-18T20:53:15.690Z] [runtime-status] [5436] Detected firebase-functions v7+, skipping legacy stubs. {"metadata":{"emulator":{"name":"functions"},"function":{"name":"us-central1-api"},"extension":{},"message":"[runtime-status] [5436] Detected firebase-functions v7+, skipping legacy stubs."}}
[debug] [2025-12-18T20:53:15.690Z] [runtime-status] [5436] Resolved module firebase-admin {"declared":true,"installed":true,"version":"13.6.0","resolution":"D:\\codebase\\api-ecommerce\\functions\\node_modules\\firebase-admin\\lib\\index.js"} {"metadata":{"emulator":{"name":"functions"},"function":{"name":"us-central1-api"},"extension":{},"message":"[runtime-status] [5436] Resolved module firebase-admin {\"declared\":true,\"installed\":true,\"version\":\"13.6.0\",\"resolution\":\"D:\\\\codebase\\\\api-ecommerce\\\\functions\\\\node_modules\\\\firebase-admin\\\\lib\\\\index.js\"}"}}
[debug] [2025-12-18T20:53:15.772Z] [runtime-status] [5436] Resolved module firebase-functions {"declared":true,"installed":true,"version":"7.0.2","resolution":"D:\\codebase\\api-ecommerce\\functions\\node_modules\\firebase-functions\\lib\\v2\\index.js"} {"metadata":{"emulator":{"name":"functions"},"function":{"name":"us-central1-api"},"extension":{},"message":"[runtime-status] [5436] Resolved module firebase-functions {\"declared\":true,\"installed\":true,\"version\":\"7.0.2\",\"resolution\":\"D:\\\\codebase\\\\api-ecommerce\\\\functions\\\\node_modules\\\\firebase-functions\\\\lib\\\\v2\\\\index.js\"}"}}
[debug] [2025-12-18T20:53:16.142Z] [runtime-status] [5436] firebase-admin has been stubbed. {"adminResolution":{"declared":true,"installed":true,"version":"13.6.0","resolution":"D:\\codebase\\api-ecommerce\\functions\\node_modules\\firebase-admin\\lib\\index.js"}} {"metadata":{"emulator":{"name":"functions"},"function":{"name":"us-central1-api"},"extension":{},"message":"[runtime-status] [5436] firebase-admin has been stubbed. {\"adminResolution\":{\"declared\":true,\"installed\":true,\"version\":\"13.6.0\",\"resolution\":\"D:\\\\codebase\\\\api-ecommerce\\\\functions\\\\node_modules\\\\firebase-admin\\\\lib\\\\index.js\"}}"}}
[debug] [2025-12-18T20:53:16.409Z] [runtime-status] [5436] Functions runtime initialized. {"cwd":"D:\\codebase\\api-ecommerce\\functions","node_version":"24.12.0"} {"metadata":{"emulator":{"name":"functions"},"function":{"name":"us-central1-api"},"extension":{},"message":"[runtime-status] [5436] Functions runtime initialized. {\"cwd\":\"D:\\\\codebase\\\\api-ecommerce\\\\functions\",\"node_version\":\"24.12.0\"}"}}
[debug] [2025-12-18T20:53:16.409Z] [runtime-status] [5436] Listening to port: \\?\pipe\fire_emu_de8dff9b4293f903 {"metadata":{"emulator":{"name":"functions"},"function":{"name":"us-central1-api"},"extension":{},"message":"[runtime-status] [5436] Listening to port: \\\\?\\pipe\\fire_emu_de8dff9b4293f903"}}
[debug] [2025-12-18T20:53:16.440Z] [worker-us-central1-api-11fe15ef-22e5-4432-8179-e94c644680ca]: IDLE {"metadata":{"emulator":{"name":"functions"},"function":{"name":"us-central1-api"},"extension":{},"message":"[worker-us-central1-api-11fe15ef-22e5-4432-8179-e94c644680ca]: IDLE"}}
[debug] [2025-12-18T20:53:16.440Z] [worker-pool] submitRequest(triggerId=us-central1-api) {"metadata":{"emulator":{"name":"functions"},"message":"[worker-pool] submitRequest(triggerId=us-central1-api)"}}
[info] i  functions: Beginning execution of "us-central1-api" {"metadata":{"emulator":{"name":"functions"},"function":{"name":"us-central1-api"},"extension":{},"message":"Beginning execution of \"us-central1-api\""}}
[debug] [2025-12-18T20:53:16.441Z] [worker-us-central1-api-11fe15ef-22e5-4432-8179-e94c644680ca]: BUSY {"metadata":{"emulator":{"name":"functions"},"function":{"name":"us-central1-api"},"extension":{},"message":"[worker-us-central1-api-11fe15ef-22e5-4432-8179-e94c644680ca]: BUSY"}}
[debug] [2025-12-18T20:53:18.456Z] Finishing up request with event=pause {"metadata":{"emulator":{"name":"functions"},"function":{"name":"us-central1-api"},"extension":{},"message":"Finishing up request with event=pause"}}
[info] i  functions: Finished "us-central1-api" in 2015.1397ms {"metadata":{"emulator":{"name":"functions"},"function":{"name":"us-central1-api"},"extension":{},"message":"Finished \"us-central1-api\" in 2015.1397ms"}}
[debug] [2025-12-18T20:53:18.456Z] [worker-us-central1-api-11fe15ef-22e5-4432-8179-e94c644680ca]: IDLE {"metadata":{"emulator":{"name":"functions"},"function":{"name":"us-central1-api"},"extension":{},"message":"[worker-us-central1-api-11fe15ef-22e5-4432-8179-e94c644680ca]: IDLE"}}
[debug] [2025-12-18T20:53:18.457Z] Finishing up request with event=finish {"metadata":{"emulator":{"name":"functions"},"function":{"name":"us-central1-api"},"extension":{},"message":"Finishing up request with event=finish"}}
[debug] [2025-12-18T20:53:18.457Z] Finishing up request with event=close {"metadata":{"emulator":{"name":"functions"},"function":{"name":"us-central1-api"},"extension":{},"message":"Finishing up request with event=close"}}
[debug] [2025-12-18T20:53:18.457Z] [work-queue] {"queuedWork":[],"queueLength":0,"runningWork":[],"workRunningCount":0}
[debug] [2025-12-18T20:53:40.124Z] File D:\codebase\api-ecommerce\functions\src\routes\auth.route.ts changed, reloading triggers {"metadata":{"emulator":{"name":"functions"},"message":"File D:\\codebase\\api-ecommerce\\functions\\src\\routes\\auth.route.ts changed, reloading triggers"}}
[debug] [2025-12-18T20:53:40.502Z] File D:\codebase\api-ecommerce\functions\lib\routes\auth.route.js.map changed, reloading triggers {"metadata":{"emulator":{"name":"functions"},"message":"File D:\\codebase\\api-ecommerce\\functions\\lib\\routes\\auth.route.js.map changed, reloading triggers"}}
[debug] [2025-12-18T20:53:40.502Z] File D:\codebase\api-ecommerce\functions\lib\routes\auth.route.js changed, reloading triggers {"metadata":{"emulator":{"name":"functions"},"message":"File D:\\codebase\\api-ecommerce\\functions\\lib\\routes\\auth.route.js changed, reloading triggers"}}
[debug] [2025-12-18T20:53:40.504Z] File D:\codebase\api-ecommerce\functions\lib\routes\index.js.map changed, reloading triggers {"metadata":{"emulator":{"name":"functions"},"message":"File D:\\codebase\\api-ecommerce\\functions\\lib\\routes\\index.js.map changed, reloading triggers"}}
[debug] [2025-12-18T20:53:40.505Z] File D:\codebase\api-ecommerce\functions\lib\routes\index.js changed, reloading triggers {"metadata":{"emulator":{"name":"functions"},"message":"File D:\\codebase\\api-ecommerce\\functions\\lib\\routes\\index.js changed, reloading triggers"}}
[debug] [2025-12-18T20:53:40.506Z] File D:\codebase\api-ecommerce\functions\lib\index.js.map changed, reloading triggers {"metadata":{"emulator":{"name":"functions"},"message":"File D:\\codebase\\api-ecommerce\\functions\\lib\\index.js.map changed, reloading triggers"}}
[debug] [2025-12-18T20:53:40.507Z] File D:\codebase\api-ecommerce\functions\lib\index.js changed, reloading triggers {"metadata":{"emulator":{"name":"functions"},"message":"File D:\\codebase\\api-ecommerce\\functions\\lib\\index.js changed, reloading triggers"}}
[debug] [2025-12-18T20:53:41.511Z] Validating nodejs source
[debug] [2025-12-18T20:53:42.143Z] > [functions] package.json contents: {
  "name": "api-ecommerce",
  "version": "1.0.0",
  "main": "./lib/index.js",
  "scripts": {
    "lint": "eslint --ext .js,.ts .",
    "build": "tsc",
    "build:watch": "tsc --watch",
    "serve": "npm run build && firebase emulators:start --only functions",
    "shell": "npm run build && firebase functions:shell",
    "start": "firebase emulators:start --only functions",
    "deploy": "firebase deploy --only functions",
    "logs": "firebase functions:log"
  },
  "engines": {
    "node": "24"
  },
  "dependencies": {
    "firebase-admin": "^13.6.0",
    "firebase-functions": "^7.0.0",
    "celebrate": "^15.0.3",
    "dayjs": "^1.11.19",
    "express": "^5.1.0",
    "express-async-handler": "^1.2.0",
    "firebase": "^12.6.0"
  },
  "devDependencies": {
    "@typescript-eslint/eslint-plugin": "^5.12.0",
    "@typescript-eslint/parser": "^5.12.0",
    "eslint": "^8.9.0",
    "eslint-config-google": "^0.14.0",
    "eslint-plugin-import": "^2.25.4",
    "firebase-functions-test": "^3.4.1",
    "typescript": "^5.7.3",
    "@tsconfig/recommended": "^1.0.12",
    "@types/express": "^5.0.5",
    "@types/node": "^24.10.0"
  },
  "private": true
}
[debug] [2025-12-18T20:53:42.143Z] Building nodejs source
[debug] [2025-12-18T20:53:42.144Z] Failed to find version of module node: reached end of search path D:\codebase\api-ecommerce\functions\node_modules
[info] +  functions: Using node@24 from host. 
[info] i  functions: Loaded environment variables from .env. 
[debug] [2025-12-18T20:53:42.145Z] Could not find functions.yaml. Must use http discovery
[debug] [2025-12-18T20:53:42.148Z] Found firebase-functions binary at 'D:\codebase\api-ecommerce\functions\node_modules\.bin\firebase-functions'
[info] Serving at port 8875

[debug] [2025-12-18T20:53:42.959Z] Got response from /__/functions.yaml {"endpoints":{"api":{"platform":"gcfv1","availableMemoryMb":null,"timeoutSeconds":null,"minInstances":null,"maxInstances":null,"ingressSettings":null,"serviceAccountEmail":null,"vpc":null,"httpsTrigger":{},"entryPoint":"api"}},"specVersion":"v1alpha1","requiredAPIs":[],"extensions":{}}
[info] +  functions: Loaded functions definitions from source: api. {"metadata":{"emulator":{"name":"functions"},"message":"Loaded functions definitions from source: api."}}
[debug] [2025-12-18T20:53:46.990Z] [worker-pool] Shutting down IDLE worker (us-central1-api) {"metadata":{"emulator":{"name":"functions"},"message":"[worker-pool] Shutting down IDLE worker (us-central1-api)"}}
[debug] [2025-12-18T20:53:46.991Z] [worker-us-central1-api-11fe15ef-22e5-4432-8179-e94c644680ca]: FINISHING {"metadata":{"emulator":{"name":"functions"},"function":{"name":"us-central1-api"},"extension":{},"message":"[worker-us-central1-api-11fe15ef-22e5-4432-8179-e94c644680ca]: FINISHING"}}
[debug] [2025-12-18T20:53:47.002Z] [worker-us-central1-api-11fe15ef-22e5-4432-8179-e94c644680ca]: exited {"metadata":{"emulator":{"name":"functions"},"function":{"name":"us-central1-api"},"extension":{},"message":"[worker-us-central1-api-11fe15ef-22e5-4432-8179-e94c644680ca]: exited"}}
[debug] [2025-12-18T20:53:47.002Z] [worker-us-central1-api-11fe15ef-22e5-4432-8179-e94c644680ca]: FINISHED {"metadata":{"emulator":{"name":"functions"},"function":{"name":"us-central1-api"},"extension":{},"message":"[worker-us-central1-api-11fe15ef-22e5-4432-8179-e94c644680ca]: FINISHED"}}
[debug] [2025-12-18T20:53:52.577Z] [work-queue] {"queuedWork":["/ecmomerce-b375f/us-central1/api/auth/login-2025-12-18T20:53:52.577Z"],"queueLength":1,"runningWork":[],"workRunningCount":0}
[debug] [2025-12-18T20:53:52.578Z] [work-queue] {"queuedWork":[],"queueLength":0,"runningWork":["/ecmomerce-b375f/us-central1/api/auth/login-2025-12-18T20:53:52.577Z"],"workRunningCount":1}
[debug] [2025-12-18T20:53:52.578Z] Accepted request POST /ecmomerce-b375f/us-central1/api/auth/login --> us-central1-api
[debug] [2025-12-18T20:53:52.579Z] [functions] Runtime ready! Sending request! {"metadata":{"emulator":{"name":"functions"},"message":"[functions] Runtime ready! Sending request!"}}
[debug] [2025-12-18T20:53:52.579Z] [functions] Got req.url=/ecmomerce-b375f/us-central1/api/auth/login, mapping to path=/auth/login {"metadata":{"emulator":{"name":"functions"},"message":"[functions] Got req.url=/ecmomerce-b375f/us-central1/api/auth/login, mapping to path=/auth/login"}}
[debug] [2025-12-18T20:53:52.579Z] [worker-pool] Cleaned up workers for us-central1-api: 1 --> 0 {"metadata":{"emulator":{"name":"functions"},"message":"[worker-pool] Cleaned up workers for us-central1-api: 1 --> 0"}}
[info] i  functions: Loaded environment variables from .env. 
[debug] [2025-12-18T20:53:52.584Z] [worker-pool] addWorker(us-central1-api) {"metadata":{"emulator":{"name":"functions"},"message":"[worker-pool] addWorker(us-central1-api)"}}
[debug] [2025-12-18T20:53:52.585Z] [worker-pool] Adding worker with key us-central1-api, total=1 {"metadata":{"emulator":{"name":"functions"},"message":"[worker-pool] Adding worker with key us-central1-api, total=1"}}
[debug] [2025-12-18T20:53:53.388Z] [runtime-status] [4028] Resolved module firebase-admin {"declared":true,"installed":true,"version":"13.6.0","resolution":"D:\\codebase\\api-ecommerce\\functions\\node_modules\\firebase-admin\\lib\\index.js"} {"metadata":{"emulator":{"name":"functions"},"function":{"name":"us-central1-api"},"extension":{},"message":"[runtime-status] [4028] Resolved module firebase-admin {\"declared\":true,\"installed\":true,\"version\":\"13.6.0\",\"resolution\":\"D:\\\\codebase\\\\api-ecommerce\\\\functions\\\\node_modules\\\\firebase-admin\\\\lib\\\\index.js\"}"}}
[debug] [2025-12-18T20:53:53.389Z] [runtime-status] [4028] Resolved module firebase-functions {"declared":true,"installed":true,"version":"7.0.2","resolution":"D:\\codebase\\api-ecommerce\\functions\\node_modules\\firebase-functions\\lib\\v2\\index.js"} {"metadata":{"emulator":{"name":"functions"},"function":{"name":"us-central1-api"},"extension":{},"message":"[runtime-status] [4028] Resolved module firebase-functions {\"declared\":true,\"installed\":true,\"version\":\"7.0.2\",\"resolution\":\"D:\\\\codebase\\\\api-ecommerce\\\\functions\\\\node_modules\\\\firebase-functions\\\\lib\\\\v2\\\\index.js\"}"}}
[debug] [2025-12-18T20:53:53.389Z] [runtime-status] [4028] Outgoing network have been stubbed. [{"name":"http","status":"mocked"},{"name":"http","status":"mocked"},{"name":"https","status":"mocked"},{"name":"https","status":"mocked"},{"name":"net","status":"mocked"}] {"metadata":{"emulator":{"name":"functions"},"function":{"name":"us-central1-api"},"extension":{},"message":"[runtime-status] [4028] Outgoing network have been stubbed. [{\"name\":\"http\",\"status\":\"mocked\"},{\"name\":\"http\",\"status\":\"mocked\"},{\"name\":\"https\",\"status\":\"mocked\"},{\"name\":\"https\",\"status\":\"mocked\"},{\"name\":\"net\",\"status\":\"mocked\"}]"}}
[debug] [2025-12-18T20:53:53.390Z] [runtime-status] [4028] Resolved module firebase-functions {"declared":true,"installed":true,"version":"7.0.2","resolution":"D:\\codebase\\api-ecommerce\\functions\\node_modules\\firebase-functions\\lib\\v2\\index.js"} {"metadata":{"emulator":{"name":"functions"},"function":{"name":"us-central1-api"},"extension":{},"message":"[runtime-status] [4028] Resolved module firebase-functions {\"declared\":true,\"installed\":true,\"version\":\"7.0.2\",\"resolution\":\"D:\\\\codebase\\\\api-ecommerce\\\\functions\\\\node_modules\\\\firebase-functions\\\\lib\\\\v2\\\\index.js\"}"}}
[debug] [2025-12-18T20:53:53.390Z] [runtime-status] [4028] Detected firebase-functions v7+, skipping legacy stubs. {"metadata":{"emulator":{"name":"functions"},"function":{"name":"us-central1-api"},"extension":{},"message":"[runtime-status] [4028] Detected firebase-functions v7+, skipping legacy stubs."}}
[debug] [2025-12-18T20:53:53.391Z] [runtime-status] [4028] Resolved module firebase-admin {"declared":true,"installed":true,"version":"13.6.0","resolution":"D:\\codebase\\api-ecommerce\\functions\\node_modules\\firebase-admin\\lib\\index.js"} {"metadata":{"emulator":{"name":"functions"},"function":{"name":"us-central1-api"},"extension":{},"message":"[runtime-status] [4028] Resolved module firebase-admin {\"declared\":true,\"installed\":true,\"version\":\"13.6.0\",\"resolution\":\"D:\\\\codebase\\\\api-ecommerce\\\\functions\\\\node_modules\\\\firebase-admin\\\\lib\\\\index.js\"}"}}
[debug] [2025-12-18T20:53:53.475Z] [runtime-status] [4028] Resolved module firebase-functions {"declared":true,"installed":true,"version":"7.0.2","resolution":"D:\\codebase\\api-ecommerce\\functions\\node_modules\\firebase-functions\\lib\\v2\\index.js"} {"metadata":{"emulator":{"name":"functions"},"function":{"name":"us-central1-api"},"extension":{},"message":"[runtime-status] [4028] Resolved module firebase-functions {\"declared\":true,\"installed\":true,\"version\":\"7.0.2\",\"resolution\":\"D:\\\\codebase\\\\api-ecommerce\\\\functions\\\\node_modules\\\\firebase-functions\\\\lib\\\\v2\\\\index.js\"}"}}
[debug] [2025-12-18T20:53:53.825Z] [runtime-status] [4028] firebase-admin has been stubbed. {"adminResolution":{"declared":true,"installed":true,"version":"13.6.0","resolution":"D:\\codebase\\api-ecommerce\\functions\\node_modules\\firebase-admin\\lib\\index.js"}} {"metadata":{"emulator":{"name":"functions"},"function":{"name":"us-central1-api"},"extension":{},"message":"[runtime-status] [4028] firebase-admin has been stubbed. {\"adminResolution\":{\"declared\":true,\"installed\":true,\"version\":\"13.6.0\",\"resolution\":\"D:\\\\codebase\\\\api-ecommerce\\\\functions\\\\node_modules\\\\firebase-admin\\\\lib\\\\index.js\"}}"}}
[debug] [2025-12-18T20:53:54.083Z] [runtime-status] [4028] Functions runtime initialized. {"cwd":"D:\\codebase\\api-ecommerce\\functions","node_version":"24.12.0"} {"metadata":{"emulator":{"name":"functions"},"function":{"name":"us-central1-api"},"extension":{},"message":"[runtime-status] [4028] Functions runtime initialized. {\"cwd\":\"D:\\\\codebase\\\\api-ecommerce\\\\functions\",\"node_version\":\"24.12.0\"}"}}
[debug] [2025-12-18T20:53:54.083Z] [runtime-status] [4028] Listening to port: \\?\pipe\fire_emu_cc78838521b1f435 {"metadata":{"emulator":{"name":"functions"},"function":{"name":"us-central1-api"},"extension":{},"message":"[runtime-status] [4028] Listening to port: \\\\?\\pipe\\fire_emu_cc78838521b1f435"}}
[debug] [2025-12-18T20:53:54.123Z] [worker-us-central1-api-c166a615-1d0e-44ac-b97c-580a50250819]: IDLE {"metadata":{"emulator":{"name":"functions"},"function":{"name":"us-central1-api"},"extension":{},"message":"[worker-us-central1-api-c166a615-1d0e-44ac-b97c-580a50250819]: IDLE"}}
[debug] [2025-12-18T20:53:54.123Z] [worker-pool] submitRequest(triggerId=us-central1-api) {"metadata":{"emulator":{"name":"functions"},"message":"[worker-pool] submitRequest(triggerId=us-central1-api)"}}
[info] i  functions: Beginning execution of "us-central1-api" {"metadata":{"emulator":{"name":"functions"},"function":{"name":"us-central1-api"},"extension":{},"message":"Beginning execution of \"us-central1-api\""}}
[debug] [2025-12-18T20:53:54.124Z] [worker-us-central1-api-c166a615-1d0e-44ac-b97c-580a50250819]: BUSY {"metadata":{"emulator":{"name":"functions"},"function":{"name":"us-central1-api"},"extension":{},"message":"[worker-us-central1-api-c166a615-1d0e-44ac-b97c-580a50250819]: BUSY"}}
[info] >  ForbiddenError: Voce nao tem permissão para acessar esse recurso {"user":"ForbiddenError: Voce nao tem permissão para acessar esse recurso","metadata":{"emulator":{"name":"functions"},"function":{"name":"us-central1-api"},"extension":{},"message":"\u001b[90m> \u001b[39m ForbiddenError: Voce nao tem permissão para acessar esse recurso"}}
[info] >      at allowAnonymousUser (D:\codebase\api-ecommerce\functions\lib\middlewares\allow-anonymous-user.middleware.ts.js:24:10) {"user":"    at allowAnonymousUser (D:\\codebase\\api-ecommerce\\functions\\lib\\middlewares\\allow-anonymous-user.middleware.ts.js:24:10)","metadata":{"emulator":{"name":"functions"},"function":{"name":"us-central1-api"},"extension":{},"message":"\u001b[90m> \u001b[39m     at allowAnonymousUser (D:\\codebase\\api-ecommerce\\functions\\lib\\middlewares\\allow-anonymous-user.middleware.ts.js:24:10)"}}
[info] >      at Layer.handleRequest (D:\codebase\api-ecommerce\functions\node_modules\router\lib\layer.js:152:17) {"user":"    at Layer.handleRequest (D:\\codebase\\api-ecommerce\\functions\\node_modules\\router\\lib\\layer.js:152:17)","metadata":{"emulator":{"name":"functions"},"function":{"name":"us-central1-api"},"extension":{},"message":"\u001b[90m> \u001b[39m     at Layer.handleRequest (D:\\codebase\\api-ecommerce\\functions\\node_modules\\router\\lib\\layer.js:152:17)"}}
[info] >      at trimPrefix (D:\codebase\api-ecommerce\functions\node_modules\router\index.js:342:13) {"user":"    at trimPrefix (D:\\codebase\\api-ecommerce\\functions\\node_modules\\router\\index.js:342:13)","metadata":{"emulator":{"name":"functions"},"function":{"name":"us-central1-api"},"extension":{},"message":"\u001b[90m> \u001b[39m     at trimPrefix (D:\\codebase\\api-ecommerce\\functions\\node_modules\\router\\index.js:342:13)"}}
[info] >      at D:\codebase\api-ecommerce\functions\node_modules\router\index.js:297:9 {"user":"    at D:\\codebase\\api-ecommerce\\functions\\node_modules\\router\\index.js:297:9","metadata":{"emulator":{"name":"functions"},"function":{"name":"us-central1-api"},"extension":{},"message":"\u001b[90m> \u001b[39m     at D:\\codebase\\api-ecommerce\\functions\\node_modules\\router\\index.js:297:9"}}
[info] >      at processParams (D:\codebase\api-ecommerce\functions\node_modules\router\index.js:582:12) {"user":"    at processParams (D:\\codebase\\api-ecommerce\\functions\\node_modules\\router\\index.js:582:12)","metadata":{"emulator":{"name":"functions"},"function":{"name":"us-central1-api"},"extension":{},"message":"\u001b[90m> \u001b[39m     at processParams (D:\\codebase\\api-ecommerce\\functions\\node_modules\\router\\index.js:582:12)"}}
[info] >      at next (D:\codebase\api-ecommerce\functions\node_modules\router\index.js:291:5) {"user":"    at next (D:\\codebase\\api-ecommerce\\functions\\node_modules\\router\\index.js:291:5)","metadata":{"emulator":{"name":"functions"},"function":{"name":"us-central1-api"},"extension":{},"message":"\u001b[90m> \u001b[39m     at next (D:\\codebase\\api-ecommerce\\functions\\node_modules\\router\\index.js:291:5)"}}
[info] >      at D:\codebase\api-ecommerce\functions\node_modules\router\index.js:688:15 {"user":"    at D:\\codebase\\api-ecommerce\\functions\\node_modules\\router\\index.js:688:15","metadata":{"emulator":{"name":"functions"},"function":{"name":"us-central1-api"},"extension":{},"message":"\u001b[90m> \u001b[39m     at D:\\codebase\\api-ecommerce\\functions\\node_modules\\router\\index.js:688:15"}}
[info] >      at next (D:\codebase\api-ecommerce\functions\node_modules\router\index.js:276:14) {"user":"    at next (D:\\codebase\\api-ecommerce\\functions\\node_modules\\router\\index.js:276:14)","metadata":{"emulator":{"name":"functions"},"function":{"name":"us-central1-api"},"extension":{},"message":"\u001b[90m> \u001b[39m     at next (D:\\codebase\\api-ecommerce\\functions\\node_modules\\router\\index.js:276:14)"}}
[info] >      at router.handle (D:\codebase\api-ecommerce\functions\node_modules\router\index.js:186:3) {"user":"    at router.handle (D:\\codebase\\api-ecommerce\\functions\\node_modules\\router\\index.js:186:3)","metadata":{"emulator":{"name":"functions"},"function":{"name":"us-central1-api"},"extension":{},"message":"\u001b[90m> \u001b[39m     at router.handle (D:\\codebase\\api-ecommerce\\functions\\node_modules\\router\\index.js:186:3)"}}
[info] >      at router (D:\codebase\api-ecommerce\functions\node_modules\router\index.js:60:12) { {"user":"    at router (D:\\codebase\\api-ecommerce\\functions\\node_modules\\router\\index.js:60:12) {","metadata":{"emulator":{"name":"functions"},"function":{"name":"us-central1-api"},"extension":{},"message":"\u001b[90m> \u001b[39m     at router (D:\\codebase\\api-ecommerce\\functions\\node_modules\\router\\index.js:60:12) {"}}
[info] >    status: 403 {"user":"  status: 403","metadata":{"emulator":{"name":"functions"},"function":{"name":"us-central1-api"},"extension":{},"message":"\u001b[90m> \u001b[39m   status: 403"}}
[info] >  } {"user":"}","metadata":{"emulator":{"name":"functions"},"function":{"name":"us-central1-api"},"extension":{},"message":"\u001b[90m> \u001b[39m }"}}
[debug] [2025-12-18T20:53:54.138Z] Finishing up request with event=pause {"metadata":{"emulator":{"name":"functions"},"function":{"name":"us-central1-api"},"extension":{},"message":"Finishing up request with event=pause"}}
[info] i  functions: Finished "us-central1-api" in 14.0817ms {"metadata":{"emulator":{"name":"functions"},"function":{"name":"us-central1-api"},"extension":{},"message":"Finished \"us-central1-api\" in 14.0817ms"}}
[debug] [2025-12-18T20:53:54.138Z] [worker-us-central1-api-c166a615-1d0e-44ac-b97c-580a50250819]: IDLE {"metadata":{"emulator":{"name":"functions"},"function":{"name":"us-central1-api"},"extension":{},"message":"[worker-us-central1-api-c166a615-1d0e-44ac-b97c-580a50250819]: IDLE"}}
[debug] [2025-12-18T20:53:54.138Z] Finishing up request with event=finish {"metadata":{"emulator":{"name":"functions"},"function":{"name":"us-central1-api"},"extension":{},"message":"Finishing up request with event=finish"}}
[debug] [2025-12-18T20:53:54.138Z] Finishing up request with event=close {"metadata":{"emulator":{"name":"functions"},"function":{"name":"us-central1-api"},"extension":{},"message":"Finishing up request with event=close"}}
[debug] [2025-12-18T20:53:54.138Z] [work-queue] {"queuedWork":[],"queueLength":0,"runningWork":[],"workRunningCount":0}
[debug] [2025-12-18T20:54:08.747Z] File D:\codebase\api-ecommerce\functions\src\routes\auth.route.ts changed, reloading triggers {"metadata":{"emulator":{"name":"functions"},"message":"File D:\\codebase\\api-ecommerce\\functions\\src\\routes\\auth.route.ts changed, reloading triggers"}}
[debug] [2025-12-18T20:54:09.068Z] File D:\codebase\api-ecommerce\functions\lib\routes\auth.route.js.map changed, reloading triggers {"metadata":{"emulator":{"name":"functions"},"message":"File D:\\codebase\\api-ecommerce\\functions\\lib\\routes\\auth.route.js.map changed, reloading triggers"}}
[debug] [2025-12-18T20:54:09.068Z] File D:\codebase\api-ecommerce\functions\lib\routes\auth.route.js changed, reloading triggers {"metadata":{"emulator":{"name":"functions"},"message":"File D:\\codebase\\api-ecommerce\\functions\\lib\\routes\\auth.route.js changed, reloading triggers"}}
[debug] [2025-12-18T20:54:10.078Z] Validating nodejs source
[debug] [2025-12-18T20:54:10.705Z] > [functions] package.json contents: {
  "name": "api-ecommerce",
  "version": "1.0.0",
  "main": "./lib/index.js",
  "scripts": {
    "lint": "eslint --ext .js,.ts .",
    "build": "tsc",
    "build:watch": "tsc --watch",
    "serve": "npm run build && firebase emulators:start --only functions",
    "shell": "npm run build && firebase functions:shell",
    "start": "firebase emulators:start --only functions",
    "deploy": "firebase deploy --only functions",
    "logs": "firebase functions:log"
  },
  "engines": {
    "node": "24"
  },
  "dependencies": {
    "firebase-admin": "^13.6.0",
    "firebase-functions": "^7.0.0",
    "celebrate": "^15.0.3",
    "dayjs": "^1.11.19",
    "express": "^5.1.0",
    "express-async-handler": "^1.2.0",
    "firebase": "^12.6.0"
  },
  "devDependencies": {
    "@typescript-eslint/eslint-plugin": "^5.12.0",
    "@typescript-eslint/parser": "^5.12.0",
    "eslint": "^8.9.0",
    "eslint-config-google": "^0.14.0",
    "eslint-plugin-import": "^2.25.4",
    "firebase-functions-test": "^3.4.1",
    "typescript": "^5.7.3",
    "@tsconfig/recommended": "^1.0.12",
    "@types/express": "^5.0.5",
    "@types/node": "^24.10.0"
  },
  "private": true
}
[debug] [2025-12-18T20:54:10.705Z] Building nodejs source
[debug] [2025-12-18T20:54:10.705Z] Failed to find version of module node: reached end of search path D:\codebase\api-ecommerce\functions\node_modules
[info] +  functions: Using node@24 from host. 
[info] i  functions: Loaded environment variables from .env. 
[debug] [2025-12-18T20:54:10.706Z] Could not find functions.yaml. Must use http discovery
[debug] [2025-12-18T20:54:10.709Z] Found firebase-functions binary at 'D:\codebase\api-ecommerce\functions\node_modules\.bin\firebase-functions'
[info] Serving at port 8136

[debug] [2025-12-18T20:54:11.455Z] Got response from /__/functions.yaml {"endpoints":{"api":{"platform":"gcfv1","availableMemoryMb":null,"timeoutSeconds":null,"minInstances":null,"maxInstances":null,"ingressSettings":null,"serviceAccountEmail":null,"vpc":null,"httpsTrigger":{},"entryPoint":"api"}},"specVersion":"v1alpha1","requiredAPIs":[],"extensions":{}}
[info] +  functions: Loaded functions definitions from source: api. {"metadata":{"emulator":{"name":"functions"},"message":"Loaded functions definitions from source: api."}}
[debug] [2025-12-18T20:54:15.478Z] [worker-pool] Shutting down IDLE worker (us-central1-api) {"metadata":{"emulator":{"name":"functions"},"message":"[worker-pool] Shutting down IDLE worker (us-central1-api)"}}
[debug] [2025-12-18T20:54:15.478Z] [worker-us-central1-api-c166a615-1d0e-44ac-b97c-580a50250819]: FINISHING {"metadata":{"emulator":{"name":"functions"},"function":{"name":"us-central1-api"},"extension":{},"message":"[worker-us-central1-api-c166a615-1d0e-44ac-b97c-580a50250819]: FINISHING"}}
[debug] [2025-12-18T20:54:15.488Z] [worker-us-central1-api-c166a615-1d0e-44ac-b97c-580a50250819]: exited {"metadata":{"emulator":{"name":"functions"},"function":{"name":"us-central1-api"},"extension":{},"message":"[worker-us-central1-api-c166a615-1d0e-44ac-b97c-580a50250819]: exited"}}
[debug] [2025-12-18T20:54:15.488Z] [worker-us-central1-api-c166a615-1d0e-44ac-b97c-580a50250819]: FINISHED {"metadata":{"emulator":{"name":"functions"},"function":{"name":"us-central1-api"},"extension":{},"message":"[worker-us-central1-api-c166a615-1d0e-44ac-b97c-580a50250819]: FINISHED"}}
[debug] [2025-12-18T20:55:20.977Z] [work-queue] {"queuedWork":["/ecmomerce-b375f/us-central1/api/auth/login-2025-12-18T20:55:20.977Z"],"queueLength":1,"runningWork":[],"workRunningCount":0}
[debug] [2025-12-18T20:55:20.977Z] [work-queue] {"queuedWork":[],"queueLength":0,"runningWork":["/ecmomerce-b375f/us-central1/api/auth/login-2025-12-18T20:55:20.977Z"],"workRunningCount":1}
[debug] [2025-12-18T20:55:20.977Z] Accepted request POST /ecmomerce-b375f/us-central1/api/auth/login --> us-central1-api
[debug] [2025-12-18T20:55:20.979Z] [functions] Runtime ready! Sending request! {"metadata":{"emulator":{"name":"functions"},"message":"[functions] Runtime ready! Sending request!"}}
[debug] [2025-12-18T20:55:20.979Z] [functions] Got req.url=/ecmomerce-b375f/us-central1/api/auth/login, mapping to path=/auth/login {"metadata":{"emulator":{"name":"functions"},"message":"[functions] Got req.url=/ecmomerce-b375f/us-central1/api/auth/login, mapping to path=/auth/login"}}
[debug] [2025-12-18T20:55:20.979Z] [worker-pool] Cleaned up workers for us-central1-api: 1 --> 0 {"metadata":{"emulator":{"name":"functions"},"message":"[worker-pool] Cleaned up workers for us-central1-api: 1 --> 0"}}
[info] i  functions: Loaded environment variables from .env. 
[debug] [2025-12-18T20:55:20.984Z] [worker-pool] addWorker(us-central1-api) {"metadata":{"emulator":{"name":"functions"},"message":"[worker-pool] addWorker(us-central1-api)"}}
[debug] [2025-12-18T20:55:20.984Z] [worker-pool] Adding worker with key us-central1-api, total=1 {"metadata":{"emulator":{"name":"functions"},"message":"[worker-pool] Adding worker with key us-central1-api, total=1"}}
[debug] [2025-12-18T20:55:21.784Z] [runtime-status] [2156] Resolved module firebase-admin {"declared":true,"installed":true,"version":"13.6.0","resolution":"D:\\codebase\\api-ecommerce\\functions\\node_modules\\firebase-admin\\lib\\index.js"} {"metadata":{"emulator":{"name":"functions"},"function":{"name":"us-central1-api"},"extension":{},"message":"[runtime-status] [2156] Resolved module firebase-admin {\"declared\":true,\"installed\":true,\"version\":\"13.6.0\",\"resolution\":\"D:\\\\codebase\\\\api-ecommerce\\\\functions\\\\node_modules\\\\firebase-admin\\\\lib\\\\index.js\"}"}}
[debug] [2025-12-18T20:55:21.785Z] [runtime-status] [2156] Resolved module firebase-functions {"declared":true,"installed":true,"version":"7.0.2","resolution":"D:\\codebase\\api-ecommerce\\functions\\node_modules\\firebase-functions\\lib\\v2\\index.js"} {"metadata":{"emulator":{"name":"functions"},"function":{"name":"us-central1-api"},"extension":{},"message":"[runtime-status] [2156] Resolved module firebase-functions {\"declared\":true,\"installed\":true,\"version\":\"7.0.2\",\"resolution\":\"D:\\\\codebase\\\\api-ecommerce\\\\functions\\\\node_modules\\\\firebase-functions\\\\lib\\\\v2\\\\index.js\"}"}}
[debug] [2025-12-18T20:55:21.785Z] [runtime-status] [2156] Outgoing network have been stubbed. [{"name":"http","status":"mocked"},{"name":"http","status":"mocked"},{"name":"https","status":"mocked"},{"name":"https","status":"mocked"},{"name":"net","status":"mocked"}] {"metadata":{"emulator":{"name":"functions"},"function":{"name":"us-central1-api"},"extension":{},"message":"[runtime-status] [2156] Outgoing network have been stubbed. [{\"name\":\"http\",\"status\":\"mocked\"},{\"name\":\"http\",\"status\":\"mocked\"},{\"name\":\"https\",\"status\":\"mocked\"},{\"name\":\"https\",\"status\":\"mocked\"},{\"name\":\"net\",\"status\":\"mocked\"}]"}}
[debug] [2025-12-18T20:55:21.786Z] [runtime-status] [2156] Resolved module firebase-functions {"declared":true,"installed":true,"version":"7.0.2","resolution":"D:\\codebase\\api-ecommerce\\functions\\node_modules\\firebase-functions\\lib\\v2\\index.js"} {"metadata":{"emulator":{"name":"functions"},"function":{"name":"us-central1-api"},"extension":{},"message":"[runtime-status] [2156] Resolved module firebase-functions {\"declared\":true,\"installed\":true,\"version\":\"7.0.2\",\"resolution\":\"D:\\\\codebase\\\\api-ecommerce\\\\functions\\\\node_modules\\\\firebase-functions\\\\lib\\\\v2\\\\index.js\"}"}}
[debug] [2025-12-18T20:55:21.786Z] [runtime-status] [2156] Detected firebase-functions v7+, skipping legacy stubs. {"metadata":{"emulator":{"name":"functions"},"function":{"name":"us-central1-api"},"extension":{},"message":"[runtime-status] [2156] Detected firebase-functions v7+, skipping legacy stubs."}}
[debug] [2025-12-18T20:55:21.787Z] [runtime-status] [2156] Resolved module firebase-admin {"declared":true,"installed":true,"version":"13.6.0","resolution":"D:\\codebase\\api-ecommerce\\functions\\node_modules\\firebase-admin\\lib\\index.js"} {"metadata":{"emulator":{"name":"functions"},"function":{"name":"us-central1-api"},"extension":{},"message":"[runtime-status] [2156] Resolved module firebase-admin {\"declared\":true,\"installed\":true,\"version\":\"13.6.0\",\"resolution\":\"D:\\\\codebase\\\\api-ecommerce\\\\functions\\\\node_modules\\\\firebase-admin\\\\lib\\\\index.js\"}"}}
[debug] [2025-12-18T20:55:21.866Z] [runtime-status] [2156] Resolved module firebase-functions {"declared":true,"installed":true,"version":"7.0.2","resolution":"D:\\codebase\\api-ecommerce\\functions\\node_modules\\firebase-functions\\lib\\v2\\index.js"} {"metadata":{"emulator":{"name":"functions"},"function":{"name":"us-central1-api"},"extension":{},"message":"[runtime-status] [2156] Resolved module firebase-functions {\"declared\":true,\"installed\":true,\"version\":\"7.0.2\",\"resolution\":\"D:\\\\codebase\\\\api-ecommerce\\\\functions\\\\node_modules\\\\firebase-functions\\\\lib\\\\v2\\\\index.js\"}"}}
[debug] [2025-12-18T20:55:22.210Z] [runtime-status] [2156] firebase-admin has been stubbed. {"adminResolution":{"declared":true,"installed":true,"version":"13.6.0","resolution":"D:\\codebase\\api-ecommerce\\functions\\node_modules\\firebase-admin\\lib\\index.js"}} {"metadata":{"emulator":{"name":"functions"},"function":{"name":"us-central1-api"},"extension":{},"message":"[runtime-status] [2156] firebase-admin has been stubbed. {\"adminResolution\":{\"declared\":true,\"installed\":true,\"version\":\"13.6.0\",\"resolution\":\"D:\\\\codebase\\\\api-ecommerce\\\\functions\\\\node_modules\\\\firebase-admin\\\\lib\\\\index.js\"}}"}}
[debug] [2025-12-18T20:55:22.466Z] [runtime-status] [2156] Functions runtime initialized. {"cwd":"D:\\codebase\\api-ecommerce\\functions","node_version":"24.12.0"} {"metadata":{"emulator":{"name":"functions"},"function":{"name":"us-central1-api"},"extension":{},"message":"[runtime-status] [2156] Functions runtime initialized. {\"cwd\":\"D:\\\\codebase\\\\api-ecommerce\\\\functions\",\"node_version\":\"24.12.0\"}"}}
[debug] [2025-12-18T20:55:22.466Z] [runtime-status] [2156] Listening to port: \\?\pipe\fire_emu_1f5960051dea09cf {"metadata":{"emulator":{"name":"functions"},"function":{"name":"us-central1-api"},"extension":{},"message":"[runtime-status] [2156] Listening to port: \\\\?\\pipe\\fire_emu_1f5960051dea09cf"}}
[debug] [2025-12-18T20:55:22.524Z] [worker-us-central1-api-8d329279-873c-4abf-853c-0b0307a0bedf]: IDLE {"metadata":{"emulator":{"name":"functions"},"function":{"name":"us-central1-api"},"extension":{},"message":"[worker-us-central1-api-8d329279-873c-4abf-853c-0b0307a0bedf]: IDLE"}}
[debug] [2025-12-18T20:55:22.524Z] [worker-pool] submitRequest(triggerId=us-central1-api) {"metadata":{"emulator":{"name":"functions"},"message":"[worker-pool] submitRequest(triggerId=us-central1-api)"}}
[info] i  functions: Beginning execution of "us-central1-api" {"metadata":{"emulator":{"name":"functions"},"function":{"name":"us-central1-api"},"extension":{},"message":"Beginning execution of \"us-central1-api\""}}
[debug] [2025-12-18T20:55:22.524Z] [worker-us-central1-api-8d329279-873c-4abf-853c-0b0307a0bedf]: BUSY {"metadata":{"emulator":{"name":"functions"},"function":{"name":"us-central1-api"},"extension":{},"message":"[worker-us-central1-api-8d329279-873c-4abf-853c-0b0307a0bedf]: BUSY"}}
[debug] [2025-12-18T20:55:23.647Z] Finishing up request with event=pause {"metadata":{"emulator":{"name":"functions"},"function":{"name":"us-central1-api"},"extension":{},"message":"Finishing up request with event=pause"}}
[info] i  functions: Finished "us-central1-api" in 1123.0453ms {"metadata":{"emulator":{"name":"functions"},"function":{"name":"us-central1-api"},"extension":{},"message":"Finished \"us-central1-api\" in 1123.0453ms"}}
[debug] [2025-12-18T20:55:23.650Z] [worker-us-central1-api-8d329279-873c-4abf-853c-0b0307a0bedf]: IDLE {"metadata":{"emulator":{"name":"functions"},"function":{"name":"us-central1-api"},"extension":{},"message":"[worker-us-central1-api-8d329279-873c-4abf-853c-0b0307a0bedf]: IDLE"}}
[debug] [2025-12-18T20:55:23.650Z] Finishing up request with event=finish {"metadata":{"emulator":{"name":"functions"},"function":{"name":"us-central1-api"},"extension":{},"message":"Finishing up request with event=finish"}}
[debug] [2025-12-18T20:55:23.650Z] Finishing up request with event=close {"metadata":{"emulator":{"name":"functions"},"function":{"name":"us-central1-api"},"extension":{},"message":"Finishing up request with event=close"}}
[debug] [2025-12-18T20:55:23.650Z] [work-queue] {"queuedWork":[],"queueLength":0,"runningWork":[],"workRunningCount":0}
